 
 -------------- celery@tlk-Vostro-3500 v5.6.3 (recovery)
--- ***** ----- 
-- ******* ---- Linux-6.17.0-23-generic-x86_64-with-glibc2.39 2026-05-29 12:10:56
- *** --- * --- 
- ** ---------- [config]
- ** ---------- .> app:         phoenix_tasks:0x76a2235221b0
- ** ---------- .> transport:   redis://localhost:6385/0
- ** ---------- .> results:     redis://localhost:6385/0
- *** --- * --- .> concurrency: 8 (prefork)
-- ******* ---- .> task events: OFF (enable -E to monitor tasks in this worker)
--- ***** ----- 
 -------------- [queues]
                .> celery           exchange=celery(direct) key=celery
                

[tasks]
  . cleanup_stale_sessions
  . process_agent_training

[2026-05-29 12:10:58,318: INFO/MainProcess] Connected to redis://localhost:6385/0
[2026-05-29 12:10:58,854: INFO/MainProcess] mingle: searching for neighbors
[2026-05-29 12:11:00,999: INFO/MainProcess] mingle: all alone
[2026-05-29 12:11:03,923: INFO/MainProcess] celery@tlk-Vostro-3500 ready.
