
> frontend@0.0.0 dev
> vite


  VITE v5.4.21  ready in 3250 ms

  ➜  Local:   http://localhost:5173/
  ➜  Network: use --host to expose
12:22:18 PM [vite] hmr update /src/context/AuthContext.jsx
12:22:19 PM [vite] hmr invalidate /src/context/AuthContext.jsx Could not Fast Refresh (new export)
12:22:19 PM [vite] hmr update /src/App.jsx, /src/pages/ProfileSettings.jsx, /src/pages/Login.jsx, /src/pages/Register.jsx, /src/pages/Dashboard.jsx, /src/pages/WorkspaceEditor.jsx
12:22:33 PM [vite] hmr update /src/context/AuthContext.jsx
12:22:33 PM [vite] hmr invalidate /src/context/AuthContext.jsx Could not Fast Refresh ("AuthContext" export is incompatible). Learn more at https://github.com/vitejs/vite-plugin-react/tree/main/packages/plugin-react#consistent-components-exports
12:22:33 PM [vite] hmr update /src/App.jsx, /src/pages/ProfileSettings.jsx, /src/pages/Login.jsx, /src/pages/Register.jsx, /src/pages/Dashboard.jsx, /src/pages/WorkspaceEditor.jsx
12:22:36 PM [vite] hmr update /src/context/AuthContext.jsx
12:22:36 PM [vite] hmr invalidate /src/context/AuthContext.jsx Could not Fast Refresh ("AuthContext" export is incompatible). Learn more at https://github.com/vitejs/vite-plugin-react/tree/main/packages/plugin-react#consistent-components-exports
12:22:36 PM [vite] hmr update /src/App.jsx, /src/pages/ProfileSettings.jsx, /src/pages/Login.jsx, /src/pages/Register.jsx, /src/pages/Dashboard.jsx, /src/pages/WorkspaceEditor.jsx
12:22:39 PM [vite] hmr update /src/context/AuthContext.jsx
12:22:39 PM [vite] hmr invalidate /src/context/AuthContext.jsx Could not Fast Refresh ("AuthContext" export is incompatible). Learn more at https://github.com/vitejs/vite-plugin-react/tree/main/packages/plugin-react#consistent-components-exports
12:22:39 PM [vite] hmr update /src/App.jsx, /src/pages/ProfileSettings.jsx, /src/pages/Login.jsx, /src/pages/Register.jsx, /src/pages/Dashboard.jsx, /src/pages/WorkspaceEditor.jsx
12:22:45 PM [vite] hmr update /src/context/AuthContext.jsx
12:22:46 PM [vite] hmr invalidate /src/context/AuthContext.jsx Could not Fast Refresh ("AuthContext" export is incompatible). Learn more at https://github.com/vitejs/vite-plugin-react/tree/main/packages/plugin-react#consistent-components-exports
12:22:46 PM [vite] hmr update /src/App.jsx, /src/pages/ProfileSettings.jsx, /src/pages/Login.jsx, /src/pages/Register.jsx, /src/pages/Dashboard.jsx, /src/pages/WorkspaceEditor.jsx
12:22:49 PM [vite] hmr update /src/context/AuthContext.jsx
12:22:49 PM [vite] hmr invalidate /src/context/AuthContext.jsx Could not Fast Refresh ("AuthContext" export is incompatible). Learn more at https://github.com/vitejs/vite-plugin-react/tree/main/packages/plugin-react#consistent-components-exports
12:22:49 PM [vite] hmr update /src/App.jsx, /src/pages/ProfileSettings.jsx, /src/pages/Login.jsx, /src/pages/Register.jsx, /src/pages/Dashboard.jsx, /src/pages/WorkspaceEditor.jsx
12:23:45 PM [vite] hmr update /src/context/AuthContext.jsx
12:23:45 PM [vite] hmr invalidate /src/context/AuthContext.jsx Could not Fast Refresh ("AuthContext" export is incompatible). Learn more at https://github.com/vitejs/vite-plugin-react/tree/main/packages/plugin-react#consistent-components-exports
12:23:45 PM [vite] hmr update /src/App.jsx, /src/pages/ProfileSettings.jsx, /src/pages/Login.jsx, /src/pages/Register.jsx, /src/pages/Dashboard.jsx, /src/pages/WorkspaceEditor.jsx
12:23:52 PM [vite] hmr update /src/pages/Dashboard.jsx
12:23:57 PM [vite] hmr update /src/pages/Dashboard.jsx
